Код:
import org.openqa.selenium.support.ui.WebDriverWait;
import java.net.URL;
import java.util.List;

public class FirstTest {
    private AppiumDriver driver;

    @Before
    public void setUp() throws Exception {
        DesiredCapabilities capabilities = new DesiredCapabilities();
        capabilities.setCapability("platformName", "Android");
        capabilities.setCapability("deviceName", "AndroidTestDevice");
        capabilities.setCapability("platformVersion", "8.0");
        capabilities.setCapability("automationName", "Appium");
        capabilities.setCapability("appPackage", "org.wikipedia");
        capabilities.setCapability("appActivity", ".main.MainActivity");
        capabilities.setCapability("app", "C:\\Users\\odsol\\OneDrive\\Desktop\\JavaAppiumAutomation\\apks\\org.wikipedia.apk");
        driver = new AndroidDriver<>(new URL("http://127.0.0.1:4723/wd/hub"), capabilities);
    }

    @After
    public void tearDown() {
        driver.quit();
    }
    
    @Test
    public void assertElementPresent() {
        waitForElementAndClick(By.id("org.wikipedia:id/search_container"),
                "Cannot find an element 'Search_Wikipedia' on the page",
                5);
        String search_line_first = "Java";
        waitForElementAndSendKeys(
                By.id("org.wikipedia:id/search_src_text"),
                search_line_first,
                "Cannot find search input.",
                15
        );
        waitForElementAndClick(
                By.xpath("//android.widget.TextView[@text='Java (programming language)']"),
                "Cannot find 'Java (programming language)' text on the page",
                15
        );
        waitForElementPresent(
                By.xpath("//*[@resource-id='org.wikipedia:id/view_page_title_text']"),
                "There is no title",
                0
        );
    }
        private WebElement waitForElementPresent(By by, String error_message, long timeoutInSeconds) {
        WebDriverWait wait = new WebDriverWait(driver, timeoutInSeconds);
        wait.withMessage(error_message + "\n");
        return wait.until(
                ExpectedConditions.presenceOfElementLocated(by)
        );
    }    
}

Результат:

"C:\Program Files\Java\jdk1.8.0_281\bin\java.exe" -ea -Didea.test.cyclic.buffer.size=1048576 "-javaagent:C:\Program Files\JetBrains\IntelliJ IDEA Community Edition 2021.1\lib\idea_rt.jar=55879:C:\Program Files\JetBrains\IntelliJ IDEA Community Edition 2021.1\bin" -Dfile.encoding=UTF-8 -classpath "C:\Program Files\JetBrains\IntelliJ IDEA Community Edition 2021.1\lib\idea_rt.jar;C:\Program Files\JetBrains\IntelliJ IDEA Community Edition 2021.1\plugins\junit\lib\junit5-rt.jar;C:\Program Files\JetBrains\IntelliJ IDEA Community Edition 2021.1\plugins\junit\lib\junit-rt.jar;C:\Program Files\Java\jdk1.8.0_281\jre\lib\charsets.jar;C:\Program Files\Java\jdk1.8.0_281\jre\lib\deploy.jar;C:\Program Files\Java\jdk1.8.0_281\jre\lib\ext\access-bridge-64.jar;C:\Program Files\Java\jdk1.8.0_281\jre\lib\ext\cldrdata.jar;C:\Program Files\Java\jdk1.8.0_281\jre\lib\ext\dnsns.jar;C:\Program Files\Java\jdk1.8.0_281\jre\lib\ext\jaccess.jar;C:\Program Files\Java\jdk1.8.0_281\jre\lib\ext\jfxrt.jar;C:\Program Files\Java\jdk1.8.0_281\jre\lib\ext\localedata.jar;C:\Program Files\Java\jdk1.8.0_281\jre\lib\ext\nashorn.jar;C:\Program Files\Java\jdk1.8.0_281\jre\lib\ext\sunec.jar;C:\Program Files\Java\jdk1.8.0_281\jre\lib\ext\sunjce_provider.jar;C:\Program Files\Java\jdk1.8.0_281\jre\lib\ext\sunmscapi.jar;C:\Program Files\Java\jdk1.8.0_281\jre\lib\ext\sunpkcs11.jar;C:\Program Files\Java\jdk1.8.0_281\jre\lib\ext\zipfs.jar;C:\Program Files\Java\jdk1.8.0_281\jre\lib\javaws.jar;C:\Program Files\Java\jdk1.8.0_281\jre\lib\jce.jar;C:\Program Files\Java\jdk1.8.0_281\jre\lib\jfr.jar;C:\Program Files\Java\jdk1.8.0_281\jre\lib\jfxswt.jar;C:\Program Files\Java\jdk1.8.0_281\jre\lib\jsse.jar;C:\Program Files\Java\jdk1.8.0_281\jre\lib\management-agent.jar;C:\Program Files\Java\jdk1.8.0_281\jre\lib\plugin.jar;C:\Program Files\Java\jdk1.8.0_281\jre\lib\resources.jar;C:\Program Files\Java\jdk1.8.0_281\jre\lib\rt.jar;C:\Users\odsol\OneDrive\Desktop\JavaAppiumAutomation\out\production\JavaAppiumAutomation;C:\Users\odsol\OneDrive\Desktop\JavaAppiumAutomation\libs\java-client-4.1.2.jar;C:\Users\odsol\OneDrive\Desktop\JavaAppiumAutomation\libs\junit-4.12.jar;C:\Users\odsol\OneDrive\Desktop\JavaAppiumAutomation\libs\selenium-server-standalone-3.4.0.jar" com.intellij.rt.junit.JUnitStarter -ideVersion5 -junit4 FirstTest,assertElementPresent
Apr 18, 2021 11:08:07 PM org.openqa.selenium.remote.ProtocolHandshake createSession
INFO: Detected dialect: OSS

org.openqa.selenium.TimeoutException: Expected condition failed: There is no title
 (tried for 0 second(s) with 500 MILLISECONDS interval)

	at org.openqa.selenium.support.ui.WebDriverWait.timeoutException(WebDriverWait.java:80)
	at org.openqa.selenium.support.ui.FluentWait.until(FluentWait.java:232)
	at FirstTest.waitForElementPresent(FirstTest.java:650)
	at FirstTest.assertElementPresent(FirstTest.java:568)
	at sun.reflect.NativeMethodAccessorImpl.invoke0(Native Method)
	at sun.reflect.NativeMethodAccessorImpl.invoke(NativeMethodAccessorImpl.java:62)
	at sun.reflect.DelegatingMethodAccessorImpl.invoke(DelegatingMethodAccessorImpl.java:43)
	at java.lang.reflect.Method.invoke(Method.java:498)
	at org.junit.runners.model.FrameworkMethod$1.runReflectiveCall(FrameworkMethod.java:50)
	at org.junit.internal.runners.model.ReflectiveCallable.run(ReflectiveCallable.java:12)
	at org.junit.runners.model.FrameworkMethod.invokeExplosively(FrameworkMethod.java:47)
	at org.junit.internal.runners.statements.InvokeMethod.evaluate(InvokeMethod.java:17)
	at org.junit.internal.runners.statements.RunBefores.evaluate(RunBefores.java:26)
	at org.junit.internal.runners.statements.RunAfters.evaluate(RunAfters.java:27)
	at org.junit.runners.ParentRunner.runLeaf(ParentRunner.java:325)
	at org.junit.runners.BlockJUnit4ClassRunner.runChild(BlockJUnit4ClassRunner.java:78)
	at org.junit.runners.BlockJUnit4ClassRunner.runChild(BlockJUnit4ClassRunner.java:57)
	at org.junit.runners.ParentRunner$3.run(ParentRunner.java:290)
	at org.junit.runners.ParentRunner$1.schedule(ParentRunner.java:71)
	at org.junit.runners.ParentRunner.runChildren(ParentRunner.java:288)
	at org.junit.runners.ParentRunner.access$000(ParentRunner.java:58)
	at org.junit.runners.ParentRunner$2.evaluate(ParentRunner.java:268)
	at org.junit.runners.ParentRunner.run(ParentRunner.java:363)
	at org.junit.runner.JUnitCore.run(JUnitCore.java:137)
	at com.intellij.junit4.JUnit4IdeaTestRunner.startRunnerWithArgs(JUnit4IdeaTestRunner.java:69)
	at com.intellij.rt.junit.IdeaTestRunner$Repeater.startRunnerWithArgs(IdeaTestRunner.java:33)
	at com.intellij.rt.junit.JUnitStarter.prepareStreamsAndStart(JUnitStarter.java:221)
	at com.intellij.rt.junit.JUnitStarter.main(JUnitStarter.java:54)
Caused by: org.openqa.selenium.NoSuchElementException: Cannot locate an element using By.xpath: //*[@resource-id='org.wikipedia:id/view_page_title_text']
For documentation on this error, please visit: http://seleniumhq.org/exceptions/no_such_element.html
Build info: version: '3.4.0', revision: 'unknown', time: 'unknown'
System info: host: 'DESKTOP-T7EJMDJ', ip: '192.168.88.17', os.name: 'Windows 10', os.arch: 'amd64', os.version: '10.0', java.version: '1.8.0_281'
Driver info: driver.version: unknown
	at org.openqa.selenium.support.ui.ExpectedConditions.lambda$findElement$0(ExpectedConditions.java:883)
	at java.util.Optional.orElseThrow(Optional.java:290)
	at org.openqa.selenium.support.ui.ExpectedConditions.findElement(ExpectedConditions.java:882)
	at org.openqa.selenium.support.ui.ExpectedConditions.access$000(ExpectedConditions.java:44)
	at org.openqa.selenium.support.ui.ExpectedConditions$6.apply(ExpectedConditions.java:183)
	at org.openqa.selenium.support.ui.ExpectedConditions$6.apply(ExpectedConditions.java:180)
	at org.openqa.selenium.support.ui.FluentWait.until(FluentWait.java:209)
	... 26 more


Process finished with exit code -1
